[debug] [2021-12-19T05:46:33.152Z] ----------------------------------------------------------------------
[debug] [2021-12-19T05:46:33.156Z] Command:       C:\Program Files\nodejs\node.exe C:\Users\Nikhil\AppData\Roaming\npm\node_modules\firebase-tools\lib\bin\firebase.js init
[debug] [2021-12-19T05:46:33.157Z] CLI Version:   9.23.3
[debug] [2021-12-19T05:46:33.158Z] Platform:      win32
[debug] [2021-12-19T05:46:33.158Z] Node Version:  v16.13.0
[debug] [2021-12-19T05:46:33.161Z] Time:          Sun Dec 19 2021 11:16:33 GMT+0530 (India Standard Time)
[debug] [2021-12-19T05:46:33.162Z] ----------------------------------------------------------------------
[debug] 
[debug] [2021-12-19T05:46:33.321Z] > command requires scopes: ["email","openid","https://www.googleapis.com/auth/cloudplatformprojects.readonly","https://www.googleapis.com/auth/firebase","https://www.googleapis.com/auth/cloud-platform"]
[debug] [2021-12-19T05:46:33.322Z] > authorizing via signed-in user (adharenikhil@gmail.com)
[info] 
     ######## #### ########  ######## ########     ###     ######  ########
     ##        ##  ##     ## ##       ##     ##  ##   ##  ##       ##
     ######    ##  ########  ######   ########  #########  ######  ######
     ##        ##  ##    ##  ##       ##     ## ##     ##       ## ##
     ##       #### ##     ## ######## ########  ##     ##  ######  ########

You're about to initialize a Firebase project in this directory:

  C:\Users\Nikhil

Before we get started, keep in mind:

  * You are initializing within an existing Firebase project directory

[info] 
=== Project Setup
[info] 
[info] First, let's associate this project directory with a Firebase project.
[info] You can create multiple project aliases by running firebase use --add, 
[info] but for now we'll just set up a default project.
[info] 
[debug] [2021-12-19T05:47:03.278Z] Using project from CLI flag: adventure-c6097
[debug] [2021-12-19T05:47:03.283Z] > refreshing access token with scopes: []
[debug] [2021-12-19T05:47:03.284Z] >>> HTTP REQUEST POST https://www.googleapis.com/oauth2/v3/token  
 <request body omitted>
[debug] [2021-12-19T05:47:03.617Z] <<< HTTP RESPONSE 200 {"expires":"Mon, 01 Jan 1990 00:00:00 GMT","cache-control":"no-cache, no-store, max-age=0, must-revalidate","pragma":"no-cache","date":"Sun, 19 Dec 2021 05:47:04 GMT","content-type":"application/json; charset=utf-8","vary":"X-Origin, Referer, Origin,Accept-Encoding","server":"scaffolding on HTTPServer2","x-xss-protection":"0","x-frame-options":"SAMEORIGIN","x-content-type-options":"nosniff","alt-svc":"h3=\":443\"; ma=2592000,h3-29=\":443\"; ma=2592000,h3-Q050=\":443\"; ma=2592000,h3-Q046=\":443\"; ma=2592000,h3-Q043=\":443\"; ma=2592000,quic=\":443\"; ma=2592000; v=\"46,43\"","accept-ranges":"none","transfer-encoding":"chunked"}
[debug] [2021-12-19T05:47:03.857Z] >>> [apiv2][query] GET https://firebase.googleapis.com/v1beta1/projects/adventure-c6097 [none]
[debug] [2021-12-19T05:47:04.447Z] <<< [apiv2][status] GET https://firebase.googleapis.com/v1beta1/projects/adventure-c6097 200
[debug] [2021-12-19T05:47:04.447Z] <<< [apiv2][body] GET https://firebase.googleapis.com/v1beta1/projects/adventure-c6097 {"projectId":"adventure-c6097","projectNumber":"727425278738","displayName":"adventure","name":"projects/adventure-c6097","resources":{"hostingSite":"adventure-c6097"},"state":"ACTIVE"}
[info] i  Using project adventure-c6097 (adventure) 
[info] 
=== Hosting Setup
[info] 
[info] Your public directory is the folder (relative to your project directory) that
[info] will contain Hosting assets to be uploaded with firebase deploy. If you
[info] have a build process for your assets, use your build's output directory.
[info] 
